[2026-03-23 03:00:11] === Self-Healing Check Started ===
[2026-03-23 03:00:17] ✅ Gateway healthy
[2026-03-23 03:00:20] 📊 Active sessions: 0
0
[2026-03-23 03:00:28] === Self-Healing Check Complete ===
[2026-03-23 03:06:25] === Self-Healing Check Started ===
[2026-03-23 03:06:33] ✅ Gateway healthy
[2026-03-23 03:06:36] 📊 Active sessions: 0
0
[2026-03-23 03:06:43] === Self-Healing Check Complete ===
[2026-03-23 03:29:57] === Self-Healing Check Started ===
[2026-03-23 03:30:04] ✅ Gateway healthy
[2026-03-23 03:30:08] 📊 Active sessions: 0
0
[2026-03-23 03:30:15] === Self-Healing Check Complete ===
[2026-03-23 03:59:55] === Self-Healing Check Started ===
[2026-03-23 04:00:02] ✅ Gateway healthy
[2026-03-23 04:00:06] 📊 Active sessions: 0
0
[2026-03-23 04:00:13] === Self-Healing Check Complete ===
[2026-03-23 04:29:56] === Self-Healing Check Started ===
[2026-03-23 04:30:03] ✅ Gateway healthy
[2026-03-23 04:30:07] 📊 Active sessions: 0
0
[2026-03-23 04:30:14] === Self-Healing Check Complete ===
[2026-03-23 04:59:57] === Self-Healing Check Started ===
[2026-03-23 05:00:04] ✅ Gateway healthy
[2026-03-23 05:00:08] 📊 Active sessions: 0
0
[2026-03-23 05:00:15] === Self-Healing Check Complete ===
[2026-03-23 05:29:55] === Self-Healing Check Started ===
[2026-03-23 05:30:04] ✅ Gateway healthy
[2026-03-23 05:30:07] 📊 Active sessions: 0
0
[2026-03-23 05:30:14] === Self-Healing Check Complete ===
[2026-03-23 05:59:58] === Self-Healing Check Started ===
[2026-03-23 06:00:05] ✅ Gateway healthy
[2026-03-23 06:00:08] 📊 Active sessions: 0
0
[2026-03-23 06:00:15] === Self-Healing Check Complete ===
[2026-03-23 06:29:59] === Self-Healing Check Started ===
[2026-03-23 06:30:06] ✅ Gateway healthy
[2026-03-23 06:30:10] 📊 Active sessions: 0
0
[2026-03-23 06:30:17] === Self-Healing Check Complete ===
[2026-03-23 07:00:07] === Self-Healing Check Started ===
[2026-03-23 07:00:15] ✅ Gateway healthy
[2026-03-23 07:00:18] 📊 Active sessions: 0
0
[2026-03-23 07:00:26] === Self-Healing Check Complete ===
[2026-03-23 07:30:02] === Self-Healing Check Started ===
[2026-03-23 07:30:09] ✅ Gateway healthy
[2026-03-23 07:30:12] 📊 Active sessions: 0
0
[2026-03-23 07:30:20] === Self-Healing Check Complete ===
[2026-03-23 07:59:56] === Self-Healing Check Started ===
[2026-03-23 08:00:03] ✅ Gateway healthy
[2026-03-23 08:00:07] 📊 Active sessions: 0
0
[2026-03-23 08:00:14] === Self-Healing Check Complete ===
[2026-03-23 08:29:58] === Self-Healing Check Started ===
[2026-03-23 08:30:06] ✅ Gateway healthy
[2026-03-23 08:30:09] 📊 Active sessions: 0
0
[2026-03-23 08:30:17] === Self-Healing Check Complete ===
[2026-03-23 08:59:59] === Self-Healing Check Started ===
[2026-03-23 09:00:06] ✅ Gateway healthy
[2026-03-23 09:00:09] 📊 Active sessions: 0
0
[2026-03-23 09:00:17] === Self-Healing Check Complete ===
[2026-03-23 09:29:58] === Self-Healing Check Started ===
[2026-03-23 09:30:05] ✅ Gateway healthy
[2026-03-23 09:30:08] 📊 Active sessions: 0
0
[2026-03-23 09:30:16] === Self-Healing Check Complete ===
[2026-03-23 09:59:57] === Self-Healing Check Started ===
[2026-03-23 10:00:05] ✅ Gateway healthy
[2026-03-23 10:00:09] 📊 Active sessions: 0
0
[2026-03-23 10:00:16] === Self-Healing Check Complete ===
[2026-03-23 10:29:55] === Self-Healing Check Started ===
[2026-03-23 10:30:03] ✅ Gateway healthy
[2026-03-23 10:30:06] 📊 Active sessions: 0
0
[2026-03-23 10:30:13] === Self-Healing Check Complete ===
[2026-03-23 10:59:56] === Self-Healing Check Started ===
[2026-03-23 11:00:03] ✅ Gateway healthy
[2026-03-23 11:00:07] 📊 Active sessions: 0
0
[2026-03-23 11:00:14] === Self-Healing Check Complete ===
[2026-03-23 11:29:56] === Self-Healing Check Started ===
[2026-03-23 11:30:04] ✅ Gateway healthy
[2026-03-23 11:30:07] 📊 Active sessions: 0
0
[2026-03-23 11:30:15] === Self-Healing Check Complete ===
[2026-03-23 11:59:57] === Self-Healing Check Started ===
[2026-03-23 12:00:04] ✅ Gateway healthy
[2026-03-23 12:00:08] 📊 Active sessions: 0
0
[2026-03-23 12:00:15] === Self-Healing Check Complete ===
[2026-03-23 12:29:58] === Self-Healing Check Started ===
[2026-03-23 12:30:11] ✅ Gateway healthy
[2026-03-23 12:30:15] 📊 Active sessions: 0
0
[2026-03-23 12:30:22] === Self-Healing Check Complete ===
[2026-03-23 12:59:59] === Self-Healing Check Started ===
[2026-03-23 13:00:07] ✅ Gateway healthy
[2026-03-23 13:00:10] 📊 Active sessions: 0
0
[2026-03-23 13:00:17] === Self-Healing Check Complete ===
[2026-03-23 13:30:01] === Self-Healing Check Started ===
[2026-03-23 13:30:07] ✅ Gateway healthy
[2026-03-23 13:30:11] 📊 Active sessions: 0
0
[2026-03-23 13:30:18] === Self-Healing Check Complete ===
[2026-03-23 13:59:56] === Self-Healing Check Started ===
[2026-03-23 14:00:04] ✅ Gateway healthy
[2026-03-23 14:00:07] 📊 Active sessions: 0
0
[2026-03-23 14:00:14] === Self-Healing Check Complete ===
[2026-03-23 14:29:57] === Self-Healing Check Started ===
[2026-03-23 14:30:04] ✅ Gateway healthy
[2026-03-23 14:30:07] 📊 Active sessions: 0
0
[2026-03-23 14:30:14] === Self-Healing Check Complete ===
[2026-03-23 15:00:00] === Self-Healing Check Started ===
[2026-03-23 15:00:07] ✅ Gateway healthy
[2026-03-23 15:00:10] 📊 Active sessions: 0
0
[2026-03-23 15:00:18] === Self-Healing Check Complete ===
[2026-03-23 15:29:59] === Self-Healing Check Started ===
[2026-03-23 15:30:07] ✅ Gateway healthy
[2026-03-23 15:30:10] 📊 Active sessions: 0
0
[2026-03-23 15:30:17] === Self-Healing Check Complete ===
[2026-03-23 15:59:57] === Self-Healing Check Started ===
[2026-03-23 16:00:05] ✅ Gateway healthy
[2026-03-23 16:00:08] 📊 Active sessions: 0
0
[2026-03-23 16:00:15] === Self-Healing Check Complete ===
[2026-03-23 16:29:55] === Self-Healing Check Started ===
[2026-03-23 16:30:03] ✅ Gateway healthy
[2026-03-23 16:30:06] 📊 Active sessions: 0
0
[2026-03-23 16:30:13] === Self-Healing Check Complete ===
[2026-03-23 16:59:55] === Self-Healing Check Started ===
[2026-03-23 17:00:02] ✅ Gateway healthy
[2026-03-23 17:00:06] 📊 Active sessions: 0
0
[2026-03-23 17:00:13] === Self-Healing Check Complete ===
[2026-03-23 17:29:58] === Self-Healing Check Started ===
[2026-03-23 17:30:05] ✅ Gateway healthy
[2026-03-23 17:30:08] 📊 Active sessions: 0
0
[2026-03-23 17:30:16] === Self-Healing Check Complete ===
[2026-03-23 17:59:56] === Self-Healing Check Started ===
[2026-03-23 18:00:03] ✅ Gateway healthy
[2026-03-23 18:00:06] 📊 Active sessions: 0
0
[2026-03-23 18:00:14] === Self-Healing Check Complete ===
[2026-03-23 18:29:55] === Self-Healing Check Started ===
[2026-03-23 18:30:03] ✅ Gateway healthy
[2026-03-23 18:30:06] 📊 Active sessions: 0
0
[2026-03-23 18:30:14] === Self-Healing Check Complete ===
[2026-03-23 18:59:56] === Self-Healing Check Started ===
[2026-03-23 19:00:04] ✅ Gateway healthy
[2026-03-23 19:00:07] 📊 Active sessions: 0
0
[2026-03-23 19:00:15] === Self-Healing Check Complete ===
[2026-03-23 19:29:56] === Self-Healing Check Started ===
[2026-03-23 19:30:03] ✅ Gateway healthy
[2026-03-23 19:30:06] 📊 Active sessions: 0
0
[2026-03-23 19:30:15] === Self-Healing Check Complete ===
[2026-03-23 19:59:58] === Self-Healing Check Started ===
[2026-03-23 20:00:06] ✅ Gateway healthy
[2026-03-23 20:00:09] 📊 Active sessions: 0
0
[2026-03-23 20:00:17] === Self-Healing Check Complete ===
[2026-03-23 20:29:57] === Self-Healing Check Started ===
[2026-03-23 20:30:06] ✅ Gateway healthy
[2026-03-23 20:30:09] 📊 Active sessions: 0
0
[2026-03-23 20:30:17] === Self-Healing Check Complete ===
[2026-03-23 20:59:55] === Self-Healing Check Started ===
[2026-03-23 21:00:03] ✅ Gateway healthy
[2026-03-23 21:00:06] 📊 Active sessions: 0
0
[2026-03-23 21:00:14] === Self-Healing Check Complete ===
[2026-03-23 21:29:55] === Self-Healing Check Started ===
[2026-03-23 21:30:02] ✅ Gateway healthy
[2026-03-23 21:30:06] 📊 Active sessions: 0
0
[2026-03-23 21:30:13] === Self-Healing Check Complete ===
[2026-03-23 21:59:58] === Self-Healing Check Started ===
[2026-03-23 22:00:05] ✅ Gateway healthy
[2026-03-23 22:00:08] 📊 Active sessions: 0
0
[2026-03-23 22:00:15] === Self-Healing Check Complete ===
[2026-03-23 22:29:54] === Self-Healing Check Started ===
[2026-03-23 22:30:02] ✅ Gateway healthy
[2026-03-23 22:30:05] 📊 Active sessions: 0
0
[2026-03-23 22:30:12] === Self-Healing Check Complete ===
[2026-03-23 22:59:57] === Self-Healing Check Started ===
[2026-03-23 23:00:05] ✅ Gateway healthy
[2026-03-23 23:00:09] 📊 Active sessions: 0
0
[2026-03-23 23:00:16] === Self-Healing Check Complete ===
[2026-03-24 04:59:57] === Self-Healing Check Started ===
[2026-03-24 05:00:04] ✅ Gateway healthy
[2026-03-24 05:00:07] 📊 Active sessions: 0
0
[2026-03-24 05:00:15] === Self-Healing Check Complete ===
[2026-03-24 05:29:56] === Self-Healing Check Started ===
[2026-03-24 05:30:03] ✅ Gateway healthy
[2026-03-24 05:30:06] 📊 Active sessions: 0
0
[2026-03-24 05:30:14] === Self-Healing Check Complete ===
[2026-03-24 05:59:58] === Self-Healing Check Started ===
[2026-03-24 06:00:06] ✅ Gateway healthy
[2026-03-24 06:00:09] 📊 Active sessions: 0
0
[2026-03-24 06:00:17] === Self-Healing Check Complete ===
[2026-03-24 06:29:57] === Self-Healing Check Started ===
[2026-03-24 06:30:04] ✅ Gateway healthy
[2026-03-24 06:30:08] 📊 Active sessions: 0
0
[2026-03-24 06:30:15] === Self-Healing Check Complete ===
[2026-03-24 07:00:00] === Self-Healing Check Started ===
[2026-03-24 07:00:07] ✅ Gateway healthy
[2026-03-24 07:00:10] 📊 Active sessions: 0
0
[2026-03-24 07:00:18] === Self-Healing Check Complete ===
[2026-03-24 07:30:02] === Self-Healing Check Started ===
[2026-03-24 07:30:10] ✅ Gateway healthy
[2026-03-24 07:30:13] 📊 Active sessions: 0
0
[2026-03-24 07:30:21] === Self-Healing Check Complete ===
[2026-03-24 08:00:00] === Self-Healing Check Started ===
[2026-03-24 08:00:07] ✅ Gateway healthy
[2026-03-24 08:00:10] 📊 Active sessions: 0
0
[2026-03-24 08:00:18] === Self-Healing Check Complete ===
[2026-03-24 08:30:05] === Self-Healing Check Started ===
[2026-03-24 08:30:13] ✅ Gateway healthy
[2026-03-24 08:30:16] 📊 Active sessions: 0
0
[2026-03-24 08:30:24] === Self-Healing Check Complete ===
[2026-03-24 09:00:03] === Self-Healing Check Started ===
[2026-03-24 09:00:10] ✅ Gateway healthy
[2026-03-24 09:00:13] 📊 Active sessions: 0
0
[2026-03-24 09:00:21] === Self-Healing Check Complete ===
[2026-03-24 09:29:57] === Self-Healing Check Started ===
[2026-03-24 09:30:04] ✅ Gateway healthy
[2026-03-24 09:30:08] 📊 Active sessions: 0
0
[2026-03-24 09:30:14] === Self-Healing Check Complete ===
[2026-03-24 09:59:59] === Self-Healing Check Started ===
[2026-03-24 10:00:06] ✅ Gateway healthy
[2026-03-24 10:00:10] 📊 Active sessions: 0
0
[2026-03-24 10:00:18] === Self-Healing Check Complete ===
[2026-03-24 10:29:57] === Self-Healing Check Started ===
[2026-03-24 10:30:04] ✅ Gateway healthy
[2026-03-24 10:30:07] 📊 Active sessions: 0
0
[2026-03-24 10:30:15] === Self-Healing Check Complete ===
[2026-03-24 11:00:00] === Self-Healing Check Started ===
[2026-03-24 11:00:07] ✅ Gateway healthy
[2026-03-24 11:00:10] 📊 Active sessions: 0
0
[2026-03-24 11:00:19] === Self-Healing Check Complete ===
[2026-03-24 11:36:12] === Self-Healing Check Started ===
[2026-03-24 11:36:20] ✅ Gateway healthy
[2026-03-24 11:36:23] 📊 Active sessions: 0
0
[2026-03-24 11:36:31] === Self-Healing Check Complete ===
[2026-03-24 12:06:13] === Self-Healing Check Started ===
[2026-03-24 12:06:21] ✅ Gateway healthy
[2026-03-24 12:06:24] 📊 Active sessions: 0
0
[2026-03-24 12:06:31] === Self-Healing Check Complete ===
[2026-03-24 12:36:08] === Self-Healing Check Started ===
[2026-03-24 12:36:16] ✅ Gateway healthy
[2026-03-24 12:36:19] 📊 Active sessions: 0
0
[2026-03-24 12:36:26] === Self-Healing Check Complete ===
[2026-03-24 13:06:12] === Self-Healing Check Started ===
[2026-03-24 13:06:19] ✅ Gateway healthy
[2026-03-24 13:06:22] 📊 Active sessions: 0
0
[2026-03-24 13:06:30] === Self-Healing Check Complete ===
[2026-03-24 13:36:06] === Self-Healing Check Started ===
[2026-03-24 13:36:14] ✅ Gateway healthy
[2026-03-24 13:36:17] 📊 Active sessions: 0
0
[2026-03-24 13:36:24] === Self-Healing Check Complete ===
[2026-03-24 14:06:07] === Self-Healing Check Started ===
[2026-03-24 14:06:14] ✅ Gateway healthy
[2026-03-24 14:06:18] 📊 Active sessions: 0
0
[2026-03-24 14:06:25] === Self-Healing Check Complete ===
[2026-03-24 14:36:06] === Self-Healing Check Started ===
[2026-03-24 14:36:14] ✅ Gateway healthy
[2026-03-24 14:36:17] 📊 Active sessions: 0
0
[2026-03-24 14:36:24] === Self-Healing Check Complete ===
[2026-03-24 15:06:05] === Self-Healing Check Started ===
[2026-03-24 15:06:12] ✅ Gateway healthy
[2026-03-24 15:06:15] 📊 Active sessions: 0
0
[2026-03-24 15:06:23] === Self-Healing Check Complete ===
[2026-03-24 15:36:06] === Self-Healing Check Started ===
[2026-03-24 15:36:13] ✅ Gateway healthy
[2026-03-24 15:36:17] 📊 Active sessions: 0
0
[2026-03-24 15:36:24] === Self-Healing Check Complete ===
[2026-03-24 16:06:06] === Self-Healing Check Started ===
[2026-03-24 16:06:13] ✅ Gateway healthy
[2026-03-24 16:06:17] 📊 Active sessions: 0
0
[2026-03-24 16:06:24] === Self-Healing Check Complete ===
[2026-03-24 16:36:07] === Self-Healing Check Started ===
[2026-03-24 16:36:14] ✅ Gateway healthy
[2026-03-24 16:36:17] 📊 Active sessions: 0
0
[2026-03-24 16:36:25] === Self-Healing Check Complete ===
[2026-03-24 17:06:06] === Self-Healing Check Started ===
[2026-03-24 17:06:13] ✅ Gateway healthy
[2026-03-24 17:06:16] 📊 Active sessions: 0
0
[2026-03-24 17:06:24] === Self-Healing Check Complete ===
[2026-03-24 17:36:09] === Self-Healing Check Started ===
[2026-03-24 17:36:17] ✅ Gateway healthy
[2026-03-24 17:36:20] 📊 Active sessions: 0
0
[2026-03-24 17:36:28] === Self-Healing Check Complete ===
[2026-03-24 18:06:05] === Self-Healing Check Started ===
[2026-03-24 18:06:12] ✅ Gateway healthy
[2026-03-24 18:06:15] 📊 Active sessions: 0
0
[2026-03-24 18:06:23] === Self-Healing Check Complete ===
[2026-03-24 18:36:05] === Self-Healing Check Started ===
[2026-03-24 18:36:12] ✅ Gateway healthy
[2026-03-24 18:36:15] 📊 Active sessions: 0
0
[2026-03-24 18:36:23] === Self-Healing Check Complete ===
[2026-03-24 19:06:04] === Self-Healing Check Started ===
[2026-03-24 19:06:12] ✅ Gateway healthy
[2026-03-24 19:06:15] 📊 Active sessions: 0
0
[2026-03-24 19:06:22] === Self-Healing Check Complete ===
[2026-03-24 19:36:05] === Self-Healing Check Started ===
[2026-03-24 19:36:13] ✅ Gateway healthy
[2026-03-24 19:36:16] 📊 Active sessions: 0
0
[2026-03-24 19:36:23] === Self-Healing Check Complete ===
